<?xml version="1.0" encoding="UTF-8"?>
<testsuite xmlns:xsi="http://www.w3.org/2001/XMLSchema-instance" xsi:noNamespaceSchemaLocation="https://maven.apache.org/surefire/maven-surefire-plugin/xsd/surefire-test-report-3.0.xsd" version="3.0" name="com.acme.hrms.notification.NotificationServiceTest" time="3.039" tests="2" errors="0" skipped="0" failures="0">
  <properties>
[...]
</properties>
  <testcase name="enqueuesPendingRow" classname="com.acme.hrms.notification.NotificationServiceTest" time="0.067">
    <system-out><![CDATA[07:19:29.916 [main] INFO org.testcontainers.images.PullPolicy -- Image pull policy will be performed by: DefaultPullPolicy()
07:19:29.921 [main] INFO org.testcontainers.utility.ImageNameSubstitutor -- Image name substitution will be performed by: DefaultImageNameSubstitutor (composite of 'ConfigurationFileImageNameSubstitutor' and 'PrefixingImageNameSubstitutor')
07:19:29.939 [main] INFO org.testcontainers.DockerClientFactory -- Testcontainers version: 1.21.4
07:19:30.045 [main] INFO org.testcontainers.dockerclient.DockerClientProviderStrategy -- Loaded org.testcontainers.dockerclient.UnixSocketClientProviderStrategy from ~/.testcontainers.properties, will try it first
07:19:30.206 [main] INFO org.testcontainers.dockerclient.DockerClientProviderStrategy -- Found Docker environment with local Unix socket (unix:///var/run/docker.sock)
07:19:30.207 [main] INFO org.testcontainers.DockerClientFactory -- Docker host IP address is localhost
07:19:30.216 [main] INFO org.testcontainers.DockerClientFactory -- Connected to docker: 
  Server Version: 29.7.2
  API Version: 1.55
  Operating System: Ubuntu 22.04.5 LTS
  Total Memory: 32094 MB
07:19:30.268 [main] INFO tc.testcontainers/ryuk:0.12.0 -- Creating container for image: testcontainers/ryuk:0.12.0
07:19:30.270 [main] INFO org.testcontainers.utility.RegistryAuthLocator -- Failure when attempting to lookup auth config. Please ignore if you don't have images in an authenticated registry. Details: (dockerImageName: testcontainers/ryuk:0.12.0, configFile: /home/ubuntu/.docker/config.json, configEnv: DOCKER_AUTH_CONFIG). Falling back to docker-java default behaviour. Exception message: Status 404: No config supplied. Checked in order: /home/ubuntu/.docker/config.json (file not found), DOCKER_AUTH_CONFIG (not set)
07:19:30.336 [main] INFO tc.testcontainers/ryuk:0.12.0 -- Container testcontainers/ryuk:0.12.0 is starting: 91e392d773b0ec0025d14ee93db645340e4bf3b221604a5b96350bd920e2d407
07:19:30.483 [main] INFO tc.testcontainers/ryuk:0.12.0 -- Container testcontainers/ryuk:0.12.0 started in PT0.215143684S
07:19:30.486 [main] INFO org.testcontainers.utility.RyukResourceReaper -- Ryuk started - will monitor and terminate Testcontainers containers on JVM exit
07:19:30.486 [main] INFO org.testcontainers.DockerClientFactory -- Checking the system...
07:19:30.487 [main] INFO org.testcontainers.DockerClientFactory -- ✔︎ Docker server version should be at least 1.6.0
07:19:30.487 [main] INFO tc.postgres:16-alpine -- Creating container for image: postgres:16-alpine
07:19:30.513 [main] INFO tc.postgres:16-alpine -- Container postgres:16-alpine is starting: 190a698a41000b2d56df0f8eb49850089c4aa5b44c33b061985e22b9dfd98817
07:19:31.391 [main] INFO tc.postgres:16-alpine -- Container postgres:16-alpine started in PT0.904281233S
07:19:31.392 [main] INFO tc.postgres:16-alpine -- Container is started (JDBC URL: jdbc:postgresql://localhost:32806/hrms?loggerLevel=OFF)
07:19:31.673 [main] INFO org.flywaydb.core.FlywayExecutor -- Database: jdbc:postgresql://localhost:32806/hrms (PostgreSQL 16.15)
07:19:31.691 [main] INFO org.flywaydb.core.internal.schemahistory.JdbcTableSchemaHistory -- Schema history table "public"."flyway_schema_history" does not exist yet
07:19:31.692 [main] INFO org.flywaydb.core.internal.command.clean.CleanExecutor -- Successfully dropped pre-schema database level objects (execution time 00:00.000s)
07:19:31.709 [main] INFO org.flywaydb.core.internal.command.clean.CleanExecutor -- Successfully cleaned schema "public" (execution time 00:00.016s)
07:19:31.718 [main] INFO org.flywaydb.core.internal.command.clean.CleanExecutor -- Successfully cleaned schema "public" (execution time 00:00.008s)
07:19:31.719 [main] INFO org.flywaydb.core.internal.command.clean.CleanExecutor -- Successfully dropped post-schema database level objects (execution time 00:00.000s)
07:19:31.749 [main] INFO org.flywaydb.core.internal.schemahistory.JdbcTableSchemaHistory -- Schema history table "public"."flyway_schema_history" does not exist yet
07:19:31.751 [main] INFO org.flywaydb.core.internal.command.DbValidate -- Successfully validated 2 migrations (execution time 00:00.009s)
07:19:31.759 [main] INFO org.flywaydb.core.internal.schemahistory.JdbcTableSchemaHistory -- Creating Schema History table "public"."flyway_schema_history" ...
07:19:31.787 [main] INFO org.flywaydb.core.internal.command.DbMigrate -- Current version of schema "public": << Empty Schema >>
07:19:31.817 [main] INFO org.flywaydb.core.internal.command.DbMigrate -- Migrating schema "public" to version "1 - hrms schema"
07:19:31.927 [main] INFO org.flywaydb.core.internal.command.DbMigrate -- Migrating schema "public" to version "2 - p0 auth foundation"
07:19:31.954 [main] INFO org.flywaydb.core.internal.command.DbMigrate -- Successfully applied 2 migrations to schema "public", now at version v2 (execution time 00:00.118s)
]]></system-out>
  </testcase>
  <testcase name="rejectsMissingRecipient" classname="com.acme.hrms.notification.NotificationServiceTest" time="0.002"/>
</testsuite>