<?xml version="1.0" encoding="UTF-8"?>
<testsuite xmlns:xsi="http://www.w3.org/2001/XMLSchema-instance" xsi:noNamespaceSchemaLocation="https://maven.apache.org/surefire/maven-surefire-plugin/xsd/surefire-test-report-3.0.xsd" version="3.0" name="com.acme.hrms.tools.reconcile.PgReconciliationQueriesTest" time="3.208" tests="4" errors="0" skipped="0" failures="0">
  <properties>
[...]
</properties>
  <testcase name="allSixQueriesExecuteAndProduceRows" classname="com.acme.hrms.tools.reconcile.PgReconciliationQueriesTest" time="0.051">
    <system-out><![CDATA[07:19:52.608 [main] INFO org.testcontainers.images.PullPolicy -- Image pull policy will be performed by: DefaultPullPolicy()
07:19:52.610 [main] INFO org.testcontainers.utility.ImageNameSubstitutor -- Image name substitution will be performed by: DefaultImageNameSubstitutor (composite of 'ConfigurationFileImageNameSubstitutor' and 'PrefixingImageNameSubstitutor')
07:19:52.624 [main] INFO org.testcontainers.DockerClientFactory -- Testcontainers version: 1.21.4
07:19:52.698 [main] INFO org.testcontainers.dockerclient.DockerClientProviderStrategy -- Loaded org.testcontainers.dockerclient.UnixSocketClientProviderStrategy from ~/.testcontainers.properties, will try it first
07:19:52.845 [main] INFO org.testcontainers.dockerclient.DockerClientProviderStrategy -- Found Docker environment with local Unix socket (unix:///var/run/docker.sock)
07:19:52.846 [main] INFO org.testcontainers.DockerClientFactory -- Docker host IP address is localhost
07:19:52.855 [main] INFO org.testcontainers.DockerClientFactory -- Connected to docker: 
  Server Version: 29.7.2
  API Version: 1.55
  Operating System: Ubuntu 22.04.5 LTS
  Total Memory: 32094 MB
07:19:52.891 [main] INFO tc.testcontainers/ryuk:0.12.0 -- Creating container for image: testcontainers/ryuk:0.12.0
07:19:52.894 [main] INFO org.testcontainers.utility.RegistryAuthLocator -- Failure when attempting to lookup auth config. Please ignore if you don't have images in an authenticated registry. Details: (dockerImageName: testcontainers/ryuk:0.12.0, configFile: /home/ubuntu/.docker/config.json, configEnv: DOCKER_AUTH_CONFIG). Falling back to docker-java default behaviour. Exception message: Status 404: No config supplied. Checked in order: /home/ubuntu/.docker/config.json (file not found), DOCKER_AUTH_CONFIG (not set)
07:19:52.967 [main] INFO tc.testcontainers/ryuk:0.12.0 -- Container testcontainers/ryuk:0.12.0 is starting: 0e7787e033520b52e16aff25f2c4d8d8a5e086e0d2427d37af2c4e2314988431
07:19:53.135 [main] INFO tc.testcontainers/ryuk:0.12.0 -- Container testcontainers/ryuk:0.12.0 started in PT0.243222872S
07:19:53.138 [main] INFO org.testcontainers.utility.RyukResourceReaper -- Ryuk started - will monitor and terminate Testcontainers containers on JVM exit
07:19:53.138 [main] INFO org.testcontainers.DockerClientFactory -- Checking the system...
07:19:53.138 [main] INFO org.testcontainers.DockerClientFactory -- ✔︎ Docker server version should be at least 1.6.0
07:19:53.139 [main] INFO tc.postgres:16-alpine -- Creating container for image: postgres:16-alpine
07:19:53.185 [main] INFO tc.postgres:16-alpine -- Container postgres:16-alpine is starting: 8d1a21fd41caf83d42c2d95bd6070c5c3de9afb8473c1b031ff469d1dd201676
07:19:54.112 [main] INFO tc.postgres:16-alpine -- Container postgres:16-alpine started in PT0.972671113S
07:19:54.112 [main] INFO tc.postgres:16-alpine -- Container is started (JDBC URL: jdbc:postgresql://localhost:32810/hrms?loggerLevel=OFF)
07:19:54.444 [main] INFO org.flywaydb.core.FlywayExecutor -- Database: jdbc:postgresql://localhost:32810/hrms (PostgreSQL 16.15)
07:19:54.461 [main] INFO org.flywaydb.core.internal.schemahistory.JdbcTableSchemaHistory -- Schema history table "public"."flyway_schema_history" does not exist yet
07:19:54.462 [main] INFO org.flywaydb.core.internal.command.clean.CleanExecutor -- Successfully dropped pre-schema database level objects (execution time 00:00.000s)
07:19:54.480 [main] INFO org.flywaydb.core.internal.command.clean.CleanExecutor -- Successfully cleaned schema "public" (execution time 00:00.016s)
07:19:54.488 [main] INFO org.flywaydb.core.internal.command.clean.CleanExecutor -- Successfully cleaned schema "public" (execution time 00:00.008s)
07:19:54.488 [main] INFO org.flywaydb.core.internal.command.clean.CleanExecutor -- Successfully dropped post-schema database level objects (execution time 00:00.000s)
07:19:54.520 [main] INFO org.flywaydb.core.internal.schemahistory.JdbcTableSchemaHistory -- Schema history table "public"."flyway_schema_history" does not exist yet
07:19:54.522 [main] INFO org.flywaydb.core.internal.command.DbValidate -- Successfully validated 2 migrations (execution time 00:00.009s)
07:19:54.529 [main] INFO org.flywaydb.core.internal.schemahistory.JdbcTableSchemaHistory -- Creating Schema History table "public"."flyway_schema_history" ...
07:19:54.557 [main] INFO org.flywaydb.core.internal.command.DbMigrate -- Current version of schema "public": << Empty Schema >>
07:19:54.585 [main] INFO org.flywaydb.core.internal.command.DbMigrate -- Migrating schema "public" to version "1 - hrms schema"
07:19:54.694 [main] INFO org.flywaydb.core.internal.command.DbMigrate -- Migrating schema "public" to version "2 - p0 auth foundation"
07:19:54.722 [main] INFO org.flywaydb.core.internal.command.DbMigrate -- Successfully applied 2 migrations to schema "public", now at version v2 (execution time 00:00.118s)
]]></system-out>
  </testcase>
  <testcase name="orgHierarchyCoversEveryActiveEmployeeExactlyOnceAndHasNoCycles" classname="com.acme.hrms.tools.reconcile.PgReconciliationQueriesTest" time="0.026"/>
  <testcase name="committedBaselineFileHasTheCanonicalHeader" classname="com.acme.hrms.tools.reconcile.PgReconciliationQueriesTest" time="0.0"/>
  <testcase name="baselineRoundTripsAndDiffIsEmptyAgainstItself" classname="com.acme.hrms.tools.reconcile.PgReconciliationQueriesTest" time="0.064"/>
</testsuite>