<?xml version="1.0" encoding="UTF-8"?>
<testsuite xmlns:xsi="http://www.w3.org/2001/XMLSchema-instance" xsi:noNamespaceSchemaLocation="https://maven.apache.org/surefire/maven-surefire-plugin/xsd/surefire-test-report-3.0.xsd" version="3.0" name="com.acme.hrms.auth.OpenApiContractTest" time="4.635" tests="1" errors="0" skipped="0" failures="0">
  <properties>
[...]
</properties>
  <testcase name="servedOperationsEqualTheFrozenContractExactly" classname="com.acme.hrms.auth.OpenApiContractTest" time="0.478">
    <system-out><![CDATA[07:19:34.207 [main] INFO org.springframework.test.context.support.AnnotationConfigContextLoaderUtils -- Could not detect default configuration classes for test class [com.acme.hrms.auth.OpenApiContractTest]: OpenApiContractTest does not declare any static, non-private, non-final, nested classes annotated with @Configuration.
07:19:34.264 [main] INFO org.springframework.boot.test.context.SpringBootTestContextBootstrapper -- Found @SpringBootConfiguration com.acme.hrms.auth.HrmsApplication for test class com.acme.hrms.auth.OpenApiContractTest
07:19:34.330 [main] INFO org.testcontainers.images.PullPolicy -- Image pull policy will be performed by: DefaultPullPolicy()
07:19:34.332 [main] INFO org.testcontainers.utility.ImageNameSubstitutor -- Image name substitution will be performed by: DefaultImageNameSubstitutor (composite of 'ConfigurationFileImageNameSubstitutor' and 'PrefixingImageNameSubstitutor')
07:19:34.345 [main] INFO org.testcontainers.DockerClientFactory -- Testcontainers version: 1.21.4
07:19:34.416 [main] INFO org.testcontainers.dockerclient.DockerClientProviderStrategy -- Loaded org.testcontainers.dockerclient.UnixSocketClientProviderStrategy from ~/.testcontainers.properties, will try it first
07:19:34.587 [main] INFO org.testcontainers.dockerclient.DockerClientProviderStrategy -- Found Docker environment with local Unix socket (unix:///var/run/docker.sock)
07:19:34.588 [main] INFO org.testcontainers.DockerClientFactory -- Docker host IP address is localhost
07:19:34.596 [main] INFO org.testcontainers.DockerClientFactory -- Connected to docker: 
  Server Version: 29.7.2
  API Version: 1.55
  Operating System: Ubuntu 22.04.5 LTS
  Total Memory: 32094 MB
07:19:34.628 [main] INFO tc.testcontainers/ryuk:0.12.0 -- Creating container for image: testcontainers/ryuk:0.12.0
07:19:34.631 [main] INFO org.testcontainers.utility.RegistryAuthLocator -- Failure when attempting to lookup auth config. Please ignore if you don't have images in an authenticated registry. Details: (dockerImageName: testcontainers/ryuk:0.12.0, configFile: /home/ubuntu/.docker/config.json, configEnv: DOCKER_AUTH_CONFIG). Falling back to docker-java default behaviour. Exception message: Status 404: No config supplied. Checked in order: /home/ubuntu/.docker/config.json (file not found), DOCKER_AUTH_CONFIG (not set)
07:19:34.699 [main] INFO tc.testcontainers/ryuk:0.12.0 -- Container testcontainers/ryuk:0.12.0 is starting: 02ffb4ae71a43e54e78da137aa0618c0bafafa96a7490b9b7f06fde52202f117
07:19:34.845 [main] INFO tc.testcontainers/ryuk:0.12.0 -- Container testcontainers/ryuk:0.12.0 started in PT0.217066946S
07:19:34.848 [main] INFO org.testcontainers.utility.RyukResourceReaper -- Ryuk started - will monitor and terminate Testcontainers containers on JVM exit
07:19:34.849 [main] INFO org.testcontainers.DockerClientFactory -- Checking the system...
07:19:34.849 [main] INFO org.testcontainers.DockerClientFactory -- ✔︎ Docker server version should be at least 1.6.0
07:19:34.849 [main] INFO tc.postgres:16-alpine -- Creating container for image: postgres:16-alpine
07:19:34.872 [main] INFO tc.postgres:16-alpine -- Container postgres:16-alpine is starting: a75e74b1abd3331d9bf7bd0f0e34335872cb9d6b7b1c53be1eea03fca6d8e40a
07:19:35.792 [main] INFO tc.postgres:16-alpine -- Container postgres:16-alpine started in PT0.942486735S
07:19:35.792 [main] INFO tc.postgres:16-alpine -- Container is started (JDBC URL: jdbc:postgresql://localhost:32808/hrms?loggerLevel=OFF)
07:19:36.080 [main] INFO org.flywaydb.core.FlywayExecutor -- Database: jdbc:postgresql://localhost:32808/hrms (PostgreSQL 16.15)
07:19:36.100 [main] INFO org.flywaydb.core.internal.schemahistory.JdbcTableSchemaHistory -- Schema history table "public"."flyway_schema_history" does not exist yet
07:19:36.101 [main] INFO org.flywaydb.core.internal.command.clean.CleanExecutor -- Successfully dropped pre-schema database level objects (execution time 00:00.000s)
07:19:36.120 [main] INFO org.flywaydb.core.internal.command.clean.CleanExecutor -- Successfully cleaned schema "public" (execution time 00:00.018s)
07:19:36.130 [main] INFO org.flywaydb.core.internal.command.clean.CleanExecutor -- Successfully cleaned schema "public" (execution time 00:00.009s)
07:19:36.131 [main] INFO org.flywaydb.core.internal.command.clean.CleanExecutor -- Successfully dropped post-schema database level objects (execution time 00:00.000s)
07:19:36.163 [main] INFO org.flywaydb.core.internal.schemahistory.JdbcTableSchemaHistory -- Schema history table "public"."flyway_schema_history" does not exist yet
07:19:36.165 [main] INFO org.flywaydb.core.internal.command.DbValidate -- Successfully validated 2 migrations (execution time 00:00.009s)
07:19:36.173 [main] INFO org.flywaydb.core.internal.schemahistory.JdbcTableSchemaHistory -- Creating Schema History table "public"."flyway_schema_history" ...
07:19:36.202 [main] INFO org.flywaydb.core.internal.command.DbMigrate -- Current version of schema "public": << Empty Schema >>
07:19:36.232 [main] INFO org.flywaydb.core.internal.command.DbMigrate -- Migrating schema "public" to version "1 - hrms schema"
07:19:36.340 [main] INFO org.flywaydb.core.internal.command.DbMigrate -- Migrating schema "public" to version "2 - p0 auth foundation"
07:19:36.366 [main] INFO org.flywaydb.core.internal.command.DbMigrate -- Successfully applied 2 migrations to schema "public", now at version v2 (execution time 00:00.115s)

  .   ____          _            __ _ _
 /\\ / ___'_ __ _ _(_)_ __  __ _ \ \ \ \
( ( )\___ | '_ | '_| | '_ \/ _` | \ \ \ \
 \\/  ___)| |_)| | | | | || (_| |  ) ) ) )
  '  |____| .__|_| |_|_| |_\__, | / / / /
 =========|_|==============|___/=/_/_/_/

 :: Spring Boot ::                (v3.3.5)

2026-09-21T07:19:36.562Z  INFO 31543 --- [hrms-auth-service] [           main] com.acme.hrms.auth.OpenApiContractTest   : Starting OpenApiContractTest using Java 21.0.12 with PID 31543 (started by ubuntu in /home/ubuntu/repos/ts-plsql-oracle-forms-hrms/backend/auth)
2026-09-21T07:19:36.563Z  INFO 31543 --- [hrms-auth-service] [           main] com.acme.hrms.auth.OpenApiContractTest   : The following 1 profile is active: "test"
2026-09-21T07:19:37.942Z  INFO 31543 --- [hrms-auth-service] [           main] o.s.b.a.e.web.EndpointLinksResolver      : Exposing 1 endpoint beneath base path '/actuator'
2026-09-21T07:19:38.195Z  INFO 31543 --- [hrms-auth-service] [           main] o.s.b.t.m.w.SpringBootMockServletContext : Initializing Spring TestDispatcherServlet ''
2026-09-21T07:19:38.195Z  INFO 31543 --- [hrms-auth-service] [           main] o.s.t.web.servlet.TestDispatcherServlet  : Initializing Servlet ''
2026-09-21T07:19:38.196Z  INFO 31543 --- [hrms-auth-service] [           main] o.s.t.web.servlet.TestDispatcherServlet  : Completed initialization in 1 ms
2026-09-21T07:19:38.228Z  INFO 31543 --- [hrms-auth-service] [           main] com.acme.hrms.auth.OpenApiContractTest   : Started OpenApiContractTest in 1.845 seconds (process running for 4.406)
]]></system-out>
    <system-err><![CDATA[WARNING: A Java agent has been loaded dynamically (/home/ubuntu/.m2/repository/net/bytebuddy/byte-buddy-agent/1.14.19/byte-buddy-agent-1.14.19.jar)
WARNING: If a serviceability tool is in use, please run with -XX:+EnableDynamicAgentLoading to hide this warning
WARNING: If a serviceability tool is not in use, please run with -Djdk.instrument.traceUsage for more information
WARNING: Dynamic loading of agents will be disallowed by default in a future release
]]></system-err>
  </testcase>
</testsuite>