<?xml version="1.0" encoding="UTF-8"?>
<testsuite xmlns:xsi="http://www.w3.org/2001/XMLSchema-instance" xsi:noNamespaceSchemaLocation="https://maven.apache.org/surefire/maven-surefire-plugin/xsd/surefire-test-report-3.0.xsd" version="3.0" name="com.acme.hrms.auth.AuthFlowTest" time="10.229" tests="11" errors="0" skipped="0" failures="0">
  <properties>
[...]
</properties>
  <testcase name="undocumentedEndpointsDoNotExist" classname="com.acme.hrms.auth.AuthFlowTest" time="0.728">
    <system-out><![CDATA[2026-09-21T07:19:38.762Z  INFO 31543 --- [hrms-auth-service] [           main] t.c.s.AnnotationConfigContextLoaderUtils : Could not detect default configuration classes for test class [com.acme.hrms.auth.AuthFlowTest]: AuthFlowTest does not declare any static, non-private, non-final, nested classes annotated with @Configuration.
2026-09-21T07:19:38.764Z  INFO 31543 --- [hrms-auth-service] [           main] .b.t.c.SpringBootTestContextBootstrapper : Found @SpringBootConfiguration com.acme.hrms.auth.HrmsApplication for test class com.acme.hrms.auth.AuthFlowTest
2026-09-21T07:19:38.809Z  INFO 31543 --- [hrms-auth-service] [           main] org.flywaydb.core.FlywayExecutor         : Database: jdbc:postgresql://localhost:32808/hrms (PostgreSQL 16.15)
2026-09-21T07:19:38.817Z  INFO 31543 --- [hrms-auth-service] [           main] o.f.c.i.command.clean.CleanExecutor      : Successfully dropped pre-schema database level objects (execution time 00:00.000s)
2026-09-21T07:19:38.957Z  INFO 31543 --- [hrms-auth-service] [           main] o.f.c.i.command.clean.CleanExecutor      : Successfully cleaned schema "public" (execution time 00:00.138s)
2026-09-21T07:19:38.973Z  INFO 31543 --- [hrms-auth-service] [           main] o.f.c.i.command.clean.CleanExecutor      : Successfully cleaned schema "public" (execution time 00:00.015s)
2026-09-21T07:19:38.973Z  INFO 31543 --- [hrms-auth-service] [           main] o.f.c.i.command.clean.CleanExecutor      : Successfully dropped post-schema database level objects (execution time 00:00.000s)
2026-09-21T07:19:38.992Z  INFO 31543 --- [hrms-auth-service] [           main] o.f.c.i.s.JdbcTableSchemaHistory         : Schema history table "public"."flyway_schema_history" does not exist yet
2026-09-21T07:19:38.992Z  INFO 31543 --- [hrms-auth-service] [           main] o.f.core.internal.command.DbValidate     : Successfully validated 2 migrations (execution time 00:00.003s)
2026-09-21T07:19:38.998Z  INFO 31543 --- [hrms-auth-service] [           main] o.f.c.i.s.JdbcTableSchemaHistory         : Creating Schema History table "public"."flyway_schema_history" ...
2026-09-21T07:19:39.011Z  INFO 31543 --- [hrms-auth-service] [           main] o.f.core.internal.command.DbMigrate      : Current version of schema "public": << Empty Schema >>
2026-09-21T07:19:39.023Z  INFO 31543 --- [hrms-auth-service] [           main] o.f.core.internal.command.DbMigrate      : Migrating schema "public" to version "1 - hrms schema"
2026-09-21T07:19:39.124Z  INFO 31543 --- [hrms-auth-service] [           main] o.f.core.internal.command.DbMigrate      : Migrating schema "public" to version "2 - p0 auth foundation"
2026-09-21T07:19:39.145Z  INFO 31543 --- [hrms-auth-service] [           main] o.f.core.internal.command.DbMigrate      : Successfully applied 2 migrations to schema "public", now at version v2 (execution time 00:00.114s)
2026-09-21T07:19:39.151Z  INFO 31543 --- [hrms-auth-service] [           main] com.zaxxer.hikari.HikariDataSource       : HikariPool-1 - Starting...
2026-09-21T07:19:39.161Z  INFO 31543 --- [hrms-auth-service] [           main] com.zaxxer.hikari.pool.HikariPool        : HikariPool-1 - Added connection org.postgresql.jdbc.PgConnection@4b60ff1c
2026-09-21T07:19:39.163Z  INFO 31543 --- [hrms-auth-service] [           main] com.zaxxer.hikari.HikariDataSource       : HikariPool-1 - Start completed.
]]></system-out>
  </testcase>
  <testcase name="everyLoginFailureIsTheSame20301" classname="com.acme.hrms.auth.AuthFlowTest" time="0.995">
    <system-out><![CDATA[2026-09-21T07:19:40.362Z  WARN 31543 --- [hrms-auth-service] [           main] c.a.h.c.error.GlobalExceptionHandler     : traceId=250a5d642c03882920d5339fe34aaafd code=-20301 status=401 path=/api/auth/login field=null
2026-09-21T07:19:40.616Z  WARN 31543 --- [hrms-auth-service] [           main] c.a.h.c.error.GlobalExceptionHandler     : traceId=dd9ad37dfc1a090323dd15ae29daa3f9 code=-20301 status=401 path=/api/auth/login field=null
2026-09-21T07:19:40.866Z  WARN 31543 --- [hrms-auth-service] [           main] c.a.h.c.error.GlobalExceptionHandler     : traceId=cdc51abe763724478753fbb324c1dab5 code=-20301 status=401 path=/api/auth/login field=null
]]></system-out>
  </testcase>
  <testcase name="fiveFailuresLockTheUsernameFor15Minutes" classname="com.acme.hrms.auth.AuthFlowTest" time="1.887">
    <system-out><![CDATA[2026-09-21T07:19:41.406Z  WARN 31543 --- [hrms-auth-service] [           main] c.a.h.c.error.GlobalExceptionHandler     : traceId=fea6b072df0d0c5e6769b977ebb6b311 code=-20301 status=401 path=/api/auth/login field=null
2026-09-21T07:19:41.719Z  WARN 31543 --- [hrms-auth-service] [           main] c.a.h.c.error.GlobalExceptionHandler     : traceId=baa67d3afebfd9eb4f108c15134f8442 code=-20301 status=401 path=/api/auth/login field=null
2026-09-21T07:19:42.016Z  WARN 31543 --- [hrms-auth-service] [           main] c.a.h.c.error.GlobalExceptionHandler     : traceId=8411f19403ac3303b837753f061da417 code=-20301 status=401 path=/api/auth/login field=null
2026-09-21T07:19:42.260Z  WARN 31543 --- [hrms-auth-service] [           main] c.a.h.c.error.GlobalExceptionHandler     : traceId=2711512ee048960dcacc4dfe7b19365a code=-20301 status=401 path=/api/auth/login field=null
2026-09-21T07:19:42.505Z  WARN 31543 --- [hrms-auth-service] [           main] c.a.h.c.error.GlobalExceptionHandler     : traceId=1e025b07e2554d79a6f088b675b93b44 code=-20301 status=401 path=/api/auth/login field=null
2026-09-21T07:19:42.509Z  WARN 31543 --- [hrms-auth-service] [           main] c.a.h.c.error.GlobalExceptionHandler     : traceId=68a96cc6a4d3d0d0f31015caa80bd630 code=RATE_LIMITED status=429 path=/api/auth/login field=null
]]></system-out>
  </testcase>
  <testcase name="malformedLoginBodyIsValidationFailed" classname="com.acme.hrms.auth.AuthFlowTest" time="0.27">
    <system-out><![CDATA[2026-09-21T07:19:43.026Z  WARN 31543 --- [hrms-auth-service] [           main] c.a.h.c.error.GlobalExceptionHandler     : traceId=dee397953f9a8251cd3c8650b0d09b41 code=VALIDATION_FAILED status=400 path=/api/auth/login field=username
]]></system-out>
  </testcase>
  <testcase name="logoutRevokesJtiClosesSessionAndIsIdempotent" classname="com.acme.hrms.auth.AuthFlowTest" time="0.56">
    <system-out><![CDATA[2026-09-21T07:19:43.566Z  WARN 31543 --- [hrms-auth-service] [           main] c.a.h.c.error.GlobalExceptionHandler     : traceId=da8906343d075e36960081311afe8b9f code=TOKEN_INVALID status=401 path=/api/auth/me field=null
2026-09-21T07:19:43.588Z  WARN 31543 --- [hrms-auth-service] [           main] c.a.h.c.error.GlobalExceptionHandler     : traceId=c0af8363f64bacc03606af15a09d169a code=TOKEN_INVALID status=401 path=/api/auth/refresh field=null
]]></system-out>
  </testcase>
  <testcase name="passwordPolicyCodesInFrozenOrder" classname="com.acme.hrms.auth.AuthFlowTest" time="1.729">
    <system-out><![CDATA[2026-09-21T07:19:44.336Z  WARN 31543 --- [hrms-auth-service] [           main] c.a.h.c.error.GlobalExceptionHandler     : traceId=3a260923fdfe805e254464e2fcca17f5 code=-20310 status=400 path=/api/auth/password field=newPassword
2026-09-21T07:19:44.581Z  WARN 31543 --- [hrms-auth-service] [           main] c.a.h.c.error.GlobalExceptionHandler     : traceId=026aa3978ba6ade36112493475c9498b code=-20311 status=400 path=/api/auth/password field=newPassword
2026-09-21T07:19:44.824Z  WARN 31543 --- [hrms-auth-service] [           main] c.a.h.c.error.GlobalExceptionHandler     : traceId=fabe22a090d2433525e85d12f4f92a2f code=-20312 status=400 path=/api/auth/password field=newPassword
2026-09-21T07:19:45.074Z  WARN 31543 --- [hrms-auth-service] [           main] c.a.h.c.error.GlobalExceptionHandler     : traceId=9673f30b03212c8818ac39a037208bc2 code=PASSWORD_REUSED status=400 path=/api/auth/password field=newPassword
2026-09-21T07:19:45.318Z  WARN 31543 --- [hrms-auth-service] [           main] c.a.h.c.error.GlobalExceptionHandler     : traceId=a2144de3c9a7595342e2e071bc74af1b code=-20301 status=401 path=/api/auth/password field=currentPassword
]]></system-out>
  </testcase>
  <testcase name="refreshRotatesCookieAndRejectsReplay" classname="com.acme.hrms.auth.AuthFlowTest" time="0.539">
    <system-out><![CDATA[2026-09-21T07:19:45.852Z  WARN 31543 --- [hrms-auth-service] [           main] c.a.h.c.error.GlobalExceptionHandler     : traceId=9e8298ad7ff6dfca930a57cf525ffa1d code=TOKEN_INVALID status=401 path=/api/auth/refresh field=null
2026-09-21T07:19:45.856Z  WARN 31543 --- [hrms-auth-service] [           main] c.a.h.c.error.GlobalExceptionHandler     : traceId=536114dade7cad5926f5958aadb5b6e1 code=TOKEN_INVALID status=401 path=/api/auth/refresh field=null
2026-09-21T07:19:45.859Z  WARN 31543 --- [hrms-auth-service] [           main] c.a.h.c.error.GlobalExceptionHandler     : traceId=708be923bb8a490e6f708ec48172d327 code=TOKEN_INVALID status=401 path=/api/auth/me field=null
]]></system-out>
  </testcase>
  <testcase name="passwordChangeKeepsCurrentSessionAndKillsOthers" classname="com.acme.hrms.auth.AuthFlowTest" time="1.836">
    <system-out><![CDATA[2026-09-21T07:19:47.119Z  WARN 31543 --- [hrms-auth-service] [           main] c.a.h.c.error.GlobalExceptionHandler     : traceId=e21eea793c6502b69ac2582a739b78e4 code=TOKEN_INVALID status=401 path=/api/auth/me field=null
2026-09-21T07:19:47.125Z  WARN 31543 --- [hrms-auth-service] [           main] c.a.h.c.error.GlobalExceptionHandler     : traceId=3ad36a5b8280abd4b80e76da377af3bc code=TOKEN_INVALID status=401 path=/api/auth/refresh field=null
2026-09-21T07:19:47.410Z  WARN 31543 --- [hrms-auth-service] [           main] c.a.h.c.error.GlobalExceptionHandler     : traceId=0601c255be1e156c6a0dc0de68e80647 code=-20301 status=401 path=/api/auth/login field=null
]]></system-out>
  </testcase>
  <testcase name="meRequiresBearerAndReflectsJwtIdentity" classname="com.acme.hrms.auth.AuthFlowTest" time="0.54">
    <system-out><![CDATA[2026-09-21T07:19:47.974Z  WARN 31543 --- [hrms-auth-service] [           main] c.a.h.c.error.GlobalExceptionHandler     : traceId=23f8e0e5425f3177a779ce117cdf34cd code=TOKEN_INVALID status=401 path=/api/auth/me field=null
]]></system-out>
  </testcase>
  <testcase name="loginReturnsJwtUserAndHttpOnlyRefreshCookie" classname="com.acme.hrms.auth.AuthFlowTest" time="0.501"/>
  <testcase name="refreshWithoutCookieIsTokenInvalid" classname="com.acme.hrms.auth.AuthFlowTest" time="0.248">
    <system-out><![CDATA[2026-09-21T07:19:48.987Z  WARN 31543 --- [hrms-auth-service] [           main] c.a.h.c.error.GlobalExceptionHandler     : traceId=c8f21b58ef5331d4772b24000886e4e4 code=TOKEN_INVALID status=401 path=/api/auth/refresh field=null
]]></system-out>
  </testcase>
</testsuite>